CRITICAL - 2020-11-16 22:09:46 --> db_the_pillows_stay is not a valid database connection group.
#0 /opt/lampp/htdocs/the-pillows-stay/appstarter/vendor/codeigniter4/framework/system/Model.php(352): CodeIgniter\Database\Config::connect()
#1 /opt/lampp/htdocs/the-pillows-stay/appstarter/app/Controllers/Service.php(11): CodeIgniter\Model->__construct()
#2 /opt/lampp/htdocs/the-pillows-stay/appstarter/vendor/codeigniter4/framework/system/CodeIgniter.php(890): App\Controllers\Service->__construct()
#3 /opt/lampp/htdocs/the-pillows-stay/appstarter/vendor/codeigniter4/framework/system/CodeIgniter.php(399): CodeIgniter\CodeIgniter->createController()
#4 /opt/lampp/htdocs/the-pillows-stay/appstarter/vendor/codeigniter4/framework/system/CodeIgniter.php(312): CodeIgniter\CodeIgniter->handleRequest()
#5 /opt/lampp/htdocs/the-pillows-stay/appstarter/public/index.php(45): CodeIgniter\CodeIgniter->run()
#6 /opt/lampp/htdocs/the-pillows-stay/appstarter/vendor/codeigniter4/framework/system/Commands/Server/rewrite.php(34): require_once('/opt/lampp/htdo...')
#7 {main}
CRITICAL - 2020-11-16 22:10:59 --> Unable to connect to the database.
#0 /opt/lampp/htdocs/the-pillows-stay/appstarter/vendor/codeigniter4/framework/system/Database/BaseConnection.php(646): CodeIgniter\Database\BaseConnection->initialize()
#1 /opt/lampp/htdocs/the-pillows-stay/appstarter/vendor/codeigniter4/framework/system/Database/BaseConnection.php(1548): CodeIgniter\Database\BaseConnection->query()
#2 /opt/lampp/htdocs/the-pillows-stay/appstarter/vendor/codeigniter4/framework/system/Database/BaseConnection.php(1591): CodeIgniter\Database\BaseConnection->listTables()
#3 /opt/lampp/htdocs/the-pillows-stay/appstarter/vendor/codeigniter4/framework/system/Database/MigrationRunner.php(945): CodeIgniter\Database\BaseConnection->tableExists()
#4 /opt/lampp/htdocs/the-pillows-stay/appstarter/vendor/codeigniter4/framework/system/Database/MigrationRunner.php(193): CodeIgniter\Database\MigrationRunner->ensureTable()
#5 /opt/lampp/htdocs/the-pillows-stay/appstarter/vendor/codeigniter4/framework/system/Commands/Database/Migrate.php(128): CodeIgniter\Database\MigrationRunner->latest()
#6 /opt/lampp/htdocs/the-pillows-stay/appstarter/vendor/codeigniter4/framework/system/CLI/Commands.php(100): CodeIgniter\Commands\Database\Migrate->run()
#7 /opt/lampp/htdocs/the-pillows-stay/appstarter/vendor/codeigniter4/framework/system/CLI/CommandRunner.php(107): CodeIgniter\CLI\Commands->run()
#8 /opt/lampp/htdocs/the-pillows-stay/appstarter/vendor/codeigniter4/framework/system/CLI/CommandRunner.php(85): CodeIgniter\CLI\CommandRunner->index()
#9 /opt/lampp/htdocs/the-pillows-stay/appstarter/vendor/codeigniter4/framework/system/CodeIgniter.php(914): CodeIgniter\CLI\CommandRunner->_remap()
#10 /opt/lampp/htdocs/the-pillows-stay/appstarter/vendor/codeigniter4/framework/system/CodeIgniter.php(404): CodeIgniter\CodeIgniter->runController()
#11 /opt/lampp/htdocs/the-pillows-stay/appstarter/vendor/codeigniter4/framework/system/CodeIgniter.php(312): CodeIgniter\CodeIgniter->handleRequest()
#12 /opt/lampp/htdocs/the-pillows-stay/appstarter/vendor/codeigniter4/framework/system/CLI/Console.php(86): CodeIgniter\CodeIgniter->run()
#13 /opt/lampp/htdocs/the-pillows-stay/appstarter/spark(57): CodeIgniter\CLI\Console->run()
#14 {main}
CRITICAL - 2020-11-16 22:12:20 --> db_the_pillows_stay is not a valid database connection group.
#0 /opt/lampp/htdocs/the-pillows-stay/appstarter/vendor/codeigniter4/framework/system/Model.php(352): CodeIgniter\Database\Config::connect()
#1 /opt/lampp/htdocs/the-pillows-stay/appstarter/app/Controllers/Service.php(11): CodeIgniter\Model->__construct()
#2 /opt/lampp/htdocs/the-pillows-stay/appstarter/vendor/codeigniter4/framework/system/CodeIgniter.php(890): App\Controllers\Service->__construct()
#3 /opt/lampp/htdocs/the-pillows-stay/appstarter/vendor/codeigniter4/framework/system/CodeIgniter.php(399): CodeIgniter\CodeIgniter->createController()
#4 /opt/lampp/htdocs/the-pillows-stay/appstarter/vendor/codeigniter4/framework/system/CodeIgniter.php(312): CodeIgniter\CodeIgniter->handleRequest()
#5 /opt/lampp/htdocs/the-pillows-stay/appstarter/public/index.php(45): CodeIgniter\CodeIgniter->run()
#6 /opt/lampp/htdocs/the-pillows-stay/appstarter/vendor/codeigniter4/framework/system/Commands/Server/rewrite.php(34): require_once('/opt/lampp/htdo...')
#7 {main}
CRITICAL - 2020-11-16 22:12:26 --> db_the_pillows_stay is not a valid database connection group.
#0 /opt/lampp/htdocs/the-pillows-stay/appstarter/vendor/codeigniter4/framework/system/Model.php(352): CodeIgniter\Database\Config::connect()
#1 /opt/lampp/htdocs/the-pillows-stay/appstarter/app/Controllers/Service.php(11): CodeIgniter\Model->__construct()
#2 /opt/lampp/htdocs/the-pillows-stay/appstarter/vendor/codeigniter4/framework/system/CodeIgniter.php(890): App\Controllers\Service->__construct()
#3 /opt/lampp/htdocs/the-pillows-stay/appstarter/vendor/codeigniter4/framework/system/CodeIgniter.php(399): CodeIgniter\CodeIgniter->createController()
#4 /opt/lampp/htdocs/the-pillows-stay/appstarter/vendor/codeigniter4/framework/system/CodeIgniter.php(312): CodeIgniter\CodeIgniter->handleRequest()
#5 /opt/lampp/htdocs/the-pillows-stay/appstarter/public/index.php(45): CodeIgniter\CodeIgniter->run()
#6 /opt/lampp/htdocs/the-pillows-stay/appstarter/vendor/codeigniter4/framework/system/Commands/Server/rewrite.php(34): require_once('/opt/lampp/htdo...')
#7 {main}
CRITICAL - 2020-11-16 22:17:11 --> Unable to connect to the database.
#0 /opt/lampp/htdocs/the-pillows-stay/appstarter/vendor/codeigniter4/framework/system/Database/BaseConnection.php(646): CodeIgniter\Database\BaseConnection->initialize()
#1 /opt/lampp/htdocs/the-pillows-stay/appstarter/vendor/codeigniter4/framework/system/Database/BaseBuilder.php(1860): CodeIgniter\Database\BaseConnection->query()
#2 /opt/lampp/htdocs/the-pillows-stay/appstarter/vendor/codeigniter4/framework/system/Model.php(462): CodeIgniter\Database\BaseBuilder->get()
#3 /opt/lampp/htdocs/the-pillows-stay/appstarter/app/Controllers/Service.php(21): CodeIgniter\Model->findAll()
#4 /opt/lampp/htdocs/the-pillows-stay/appstarter/vendor/codeigniter4/framework/system/CodeIgniter.php(918): App\Controllers\Service->booking()
#5 /opt/lampp/htdocs/the-pillows-stay/appstarter/vendor/codeigniter4/framework/system/CodeIgniter.php(404): CodeIgniter\CodeIgniter->runController()
#6 /opt/lampp/htdocs/the-pillows-stay/appstarter/vendor/codeigniter4/framework/system/CodeIgniter.php(312): CodeIgniter\CodeIgniter->handleRequest()
#7 /opt/lampp/htdocs/the-pillows-stay/appstarter/public/index.php(45): CodeIgniter\CodeIgniter->run()
#8 /opt/lampp/htdocs/the-pillows-stay/appstarter/vendor/codeigniter4/framework/system/Commands/Server/rewrite.php(34): require_once('/opt/lampp/htdo...')
#9 {main}
