CRITICAL - 2020-11-15 01:29:50 --> syntax error, unexpected '=>' (T_DOUBLE_ARROW), expecting ']'
#0 /opt/lampp/htdocs/the-pillows-stay/appstarter/vendor/codeigniter4/framework/system/Router/Router.php(195): CodeIgniter\Router\Router->autoRoute()
#1 /opt/lampp/htdocs/the-pillows-stay/appstarter/vendor/codeigniter4/framework/system/CodeIgniter.php(793): CodeIgniter\Router\Router->handle()
#2 /opt/lampp/htdocs/the-pillows-stay/appstarter/vendor/codeigniter4/framework/system/CodeIgniter.php(364): CodeIgniter\CodeIgniter->tryToRouteIt()
#3 /opt/lampp/htdocs/the-pillows-stay/appstarter/vendor/codeigniter4/framework/system/CodeIgniter.php(312): CodeIgniter\CodeIgniter->handleRequest()
#4 /opt/lampp/htdocs/the-pillows-stay/appstarter/public/index.php(45): CodeIgniter\CodeIgniter->run()
#5 /opt/lampp/htdocs/the-pillows-stay/appstarter/vendor/codeigniter4/framework/system/Commands/Server/rewrite.php(34): require_once('/opt/lampp/htdo...')
#6 {main}
CRITICAL - 2020-11-15 01:31:00 --> Undefined property: App\Controllers\Service::$Kamar_Model
#0 /opt/lampp/htdocs/the-pillows-stay/appstarter/app/Controllers/Service.php(30): CodeIgniter\Debug\Exceptions->errorHandler()
#1 /opt/lampp/htdocs/the-pillows-stay/appstarter/vendor/codeigniter4/framework/system/CodeIgniter.php(918): App\Controllers\Service->pesan()
#2 /opt/lampp/htdocs/the-pillows-stay/appstarter/vendor/codeigniter4/framework/system/CodeIgniter.php(404): CodeIgniter\CodeIgniter->runController()
#3 /opt/lampp/htdocs/the-pillows-stay/appstarter/vendor/codeigniter4/framework/system/CodeIgniter.php(312): CodeIgniter\CodeIgniter->handleRequest()
#4 /opt/lampp/htdocs/the-pillows-stay/appstarter/public/index.php(45): CodeIgniter\CodeIgniter->run()
#5 /opt/lampp/htdocs/the-pillows-stay/appstarter/vendor/codeigniter4/framework/system/Commands/Server/rewrite.php(34): require_once('/opt/lampp/htdo...')
#6 {main}
CRITICAL - 2020-11-15 01:31:35 --> Allowed fields must be specified for model: App\Models\Kamar_model
#0 /opt/lampp/htdocs/the-pillows-stay/appstarter/vendor/codeigniter4/framework/system/Model.php(1265): CodeIgniter\Database\Exceptions\DataException::forInvalidAllowedFields()
#1 /opt/lampp/htdocs/the-pillows-stay/appstarter/vendor/codeigniter4/framework/system/Model.php(735): CodeIgniter\Model->doProtectFields()
#2 /opt/lampp/htdocs/the-pillows-stay/appstarter/vendor/codeigniter4/framework/system/Model.php(574): CodeIgniter\Model->insert()
#3 /opt/lampp/htdocs/the-pillows-stay/appstarter/app/Controllers/Service.php(34): CodeIgniter\Model->save()
#4 /opt/lampp/htdocs/the-pillows-stay/appstarter/vendor/codeigniter4/framework/system/CodeIgniter.php(918): App\Controllers\Service->pesan()
#5 /opt/lampp/htdocs/the-pillows-stay/appstarter/vendor/codeigniter4/framework/system/CodeIgniter.php(404): CodeIgniter\CodeIgniter->runController()
#6 /opt/lampp/htdocs/the-pillows-stay/appstarter/vendor/codeigniter4/framework/system/CodeIgniter.php(312): CodeIgniter\CodeIgniter->handleRequest()
#7 /opt/lampp/htdocs/the-pillows-stay/appstarter/public/index.php(45): CodeIgniter\CodeIgniter->run()
#8 /opt/lampp/htdocs/the-pillows-stay/appstarter/vendor/codeigniter4/framework/system/Commands/Server/rewrite.php(34): require_once('/opt/lampp/htdo...')
#9 {main}
CRITICAL - 2020-11-15 01:31:47 --> Allowed fields must be specified for model: App\Models\Kamar_model
#0 /opt/lampp/htdocs/the-pillows-stay/appstarter/vendor/codeigniter4/framework/system/Model.php(1265): CodeIgniter\Database\Exceptions\DataException::forInvalidAllowedFields()
#1 /opt/lampp/htdocs/the-pillows-stay/appstarter/vendor/codeigniter4/framework/system/Model.php(735): CodeIgniter\Model->doProtectFields()
#2 /opt/lampp/htdocs/the-pillows-stay/appstarter/vendor/codeigniter4/framework/system/Model.php(574): CodeIgniter\Model->insert()
#3 /opt/lampp/htdocs/the-pillows-stay/appstarter/app/Controllers/Service.php(34): CodeIgniter\Model->save()
#4 /opt/lampp/htdocs/the-pillows-stay/appstarter/vendor/codeigniter4/framework/system/CodeIgniter.php(918): App\Controllers\Service->pesan()
#5 /opt/lampp/htdocs/the-pillows-stay/appstarter/vendor/codeigniter4/framework/system/CodeIgniter.php(404): CodeIgniter\CodeIgniter->runController()
#6 /opt/lampp/htdocs/the-pillows-stay/appstarter/vendor/codeigniter4/framework/system/CodeIgniter.php(312): CodeIgniter\CodeIgniter->handleRequest()
#7 /opt/lampp/htdocs/the-pillows-stay/appstarter/public/index.php(45): CodeIgniter\CodeIgniter->run()
#8 /opt/lampp/htdocs/the-pillows-stay/appstarter/vendor/codeigniter4/framework/system/Commands/Server/rewrite.php(34): require_once('/opt/lampp/htdo...')
#9 {main}
CRITICAL - 2020-11-15 01:32:40 --> Call to undefined method App\Models\Kamar_model::pesan
#0 /opt/lampp/htdocs/the-pillows-stay/appstarter/app/Controllers/Service.php(34): CodeIgniter\Model->__call()
#1 /opt/lampp/htdocs/the-pillows-stay/appstarter/vendor/codeigniter4/framework/system/CodeIgniter.php(918): App\Controllers\Service->pesan()
#2 /opt/lampp/htdocs/the-pillows-stay/appstarter/vendor/codeigniter4/framework/system/CodeIgniter.php(404): CodeIgniter\CodeIgniter->runController()
#3 /opt/lampp/htdocs/the-pillows-stay/appstarter/vendor/codeigniter4/framework/system/CodeIgniter.php(312): CodeIgniter\CodeIgniter->handleRequest()
#4 /opt/lampp/htdocs/the-pillows-stay/appstarter/public/index.php(45): CodeIgniter\CodeIgniter->run()
#5 /opt/lampp/htdocs/the-pillows-stay/appstarter/vendor/codeigniter4/framework/system/Commands/Server/rewrite.php(34): require_once('/opt/lampp/htdo...')
#6 {main}
CRITICAL - 2020-11-15 01:32:42 --> Call to undefined method App\Models\Kamar_model::pesan
#0 /opt/lampp/htdocs/the-pillows-stay/appstarter/app/Controllers/Service.php(34): CodeIgniter\Model->__call()
#1 /opt/lampp/htdocs/the-pillows-stay/appstarter/vendor/codeigniter4/framework/system/CodeIgniter.php(918): App\Controllers\Service->pesan()
#2 /opt/lampp/htdocs/the-pillows-stay/appstarter/vendor/codeigniter4/framework/system/CodeIgniter.php(404): CodeIgniter\CodeIgniter->runController()
#3 /opt/lampp/htdocs/the-pillows-stay/appstarter/vendor/codeigniter4/framework/system/CodeIgniter.php(312): CodeIgniter\CodeIgniter->handleRequest()
#4 /opt/lampp/htdocs/the-pillows-stay/appstarter/public/index.php(45): CodeIgniter\CodeIgniter->run()
#5 /opt/lampp/htdocs/the-pillows-stay/appstarter/vendor/codeigniter4/framework/system/Commands/Server/rewrite.php(34): require_once('/opt/lampp/htdo...')
#6 {main}
CRITICAL - 2020-11-15 01:32:56 --> Call to undefined method App\Models\Kamar_model::pesan
#0 /opt/lampp/htdocs/the-pillows-stay/appstarter/app/Controllers/Service.php(34): CodeIgniter\Model->__call()
#1 /opt/lampp/htdocs/the-pillows-stay/appstarter/vendor/codeigniter4/framework/system/CodeIgniter.php(918): App\Controllers\Service->pesan()
#2 /opt/lampp/htdocs/the-pillows-stay/appstarter/vendor/codeigniter4/framework/system/CodeIgniter.php(404): CodeIgniter\CodeIgniter->runController()
#3 /opt/lampp/htdocs/the-pillows-stay/appstarter/vendor/codeigniter4/framework/system/CodeIgniter.php(312): CodeIgniter\CodeIgniter->handleRequest()
#4 /opt/lampp/htdocs/the-pillows-stay/appstarter/public/index.php(45): CodeIgniter\CodeIgniter->run()
#5 /opt/lampp/htdocs/the-pillows-stay/appstarter/vendor/codeigniter4/framework/system/Commands/Server/rewrite.php(34): require_once('/opt/lampp/htdo...')
#6 {main}
CRITICAL - 2020-11-15 01:38:36 --> Call to undefined method App\Models\Kamar_model::pesan
#0 /opt/lampp/htdocs/the-pillows-stay/appstarter/app/Controllers/Service.php(34): CodeIgniter\Model->__call()
#1 /opt/lampp/htdocs/the-pillows-stay/appstarter/vendor/codeigniter4/framework/system/CodeIgniter.php(918): App\Controllers\Service->pesan()
#2 /opt/lampp/htdocs/the-pillows-stay/appstarter/vendor/codeigniter4/framework/system/CodeIgniter.php(404): CodeIgniter\CodeIgniter->runController()
#3 /opt/lampp/htdocs/the-pillows-stay/appstarter/vendor/codeigniter4/framework/system/CodeIgniter.php(312): CodeIgniter\CodeIgniter->handleRequest()
#4 /opt/lampp/htdocs/the-pillows-stay/appstarter/public/index.php(45): CodeIgniter\CodeIgniter->run()
#5 /opt/lampp/htdocs/the-pillows-stay/appstarter/vendor/codeigniter4/framework/system/Commands/Server/rewrite.php(34): require_once('/opt/lampp/htdo...')
#6 {main}
CRITICAL - 2020-11-15 01:38:38 --> Call to undefined method App\Models\Kamar_model::pesan
#0 /opt/lampp/htdocs/the-pillows-stay/appstarter/app/Controllers/Service.php(34): CodeIgniter\Model->__call()
#1 /opt/lampp/htdocs/the-pillows-stay/appstarter/vendor/codeigniter4/framework/system/CodeIgniter.php(918): App\Controllers\Service->pesan()
#2 /opt/lampp/htdocs/the-pillows-stay/appstarter/vendor/codeigniter4/framework/system/CodeIgniter.php(404): CodeIgniter\CodeIgniter->runController()
#3 /opt/lampp/htdocs/the-pillows-stay/appstarter/vendor/codeigniter4/framework/system/CodeIgniter.php(312): CodeIgniter\CodeIgniter->handleRequest()
#4 /opt/lampp/htdocs/the-pillows-stay/appstarter/public/index.php(45): CodeIgniter\CodeIgniter->run()
#5 /opt/lampp/htdocs/the-pillows-stay/appstarter/vendor/codeigniter4/framework/system/Commands/Server/rewrite.php(34): require_once('/opt/lampp/htdo...')
#6 {main}
CRITICAL - 2020-11-15 01:47:24 --> Undefined property: App\Controllers\Service::$Kamar_model
#0 /opt/lampp/htdocs/the-pillows-stay/appstarter/app/Controllers/Service.php(30): CodeIgniter\Debug\Exceptions->errorHandler()
#1 /opt/lampp/htdocs/the-pillows-stay/appstarter/vendor/codeigniter4/framework/system/CodeIgniter.php(918): App\Controllers\Service->pesan()
#2 /opt/lampp/htdocs/the-pillows-stay/appstarter/vendor/codeigniter4/framework/system/CodeIgniter.php(404): CodeIgniter\CodeIgniter->runController()
#3 /opt/lampp/htdocs/the-pillows-stay/appstarter/vendor/codeigniter4/framework/system/CodeIgniter.php(312): CodeIgniter\CodeIgniter->handleRequest()
#4 /opt/lampp/htdocs/the-pillows-stay/appstarter/public/index.php(45): CodeIgniter\CodeIgniter->run()
#5 /opt/lampp/htdocs/the-pillows-stay/appstarter/vendor/codeigniter4/framework/system/Commands/Server/rewrite.php(34): require_once('/opt/lampp/htdo...')
#6 {main}
CRITICAL - 2020-11-15 01:47:40 --> Undefined property: App\Controllers\Service::$Kamar_model
#0 /opt/lampp/htdocs/the-pillows-stay/appstarter/app/Controllers/Service.php(30): CodeIgniter\Debug\Exceptions->errorHandler()
#1 /opt/lampp/htdocs/the-pillows-stay/appstarter/vendor/codeigniter4/framework/system/CodeIgniter.php(918): App\Controllers\Service->pesan()
#2 /opt/lampp/htdocs/the-pillows-stay/appstarter/vendor/codeigniter4/framework/system/CodeIgniter.php(404): CodeIgniter\CodeIgniter->runController()
#3 /opt/lampp/htdocs/the-pillows-stay/appstarter/vendor/codeigniter4/framework/system/CodeIgniter.php(312): CodeIgniter\CodeIgniter->handleRequest()
#4 /opt/lampp/htdocs/the-pillows-stay/appstarter/public/index.php(45): CodeIgniter\CodeIgniter->run()
#5 /opt/lampp/htdocs/the-pillows-stay/appstarter/vendor/codeigniter4/framework/system/Commands/Server/rewrite.php(34): require_once('/opt/lampp/htdo...')
#6 {main}
CRITICAL - 2020-11-15 01:49:05 --> Undefined property: App\Controllers\Service::$Kamar_model
#0 /opt/lampp/htdocs/the-pillows-stay/appstarter/app/Controllers/Service.php(30): CodeIgniter\Debug\Exceptions->errorHandler()
#1 /opt/lampp/htdocs/the-pillows-stay/appstarter/vendor/codeigniter4/framework/system/CodeIgniter.php(918): App\Controllers\Service->pesan()
#2 /opt/lampp/htdocs/the-pillows-stay/appstarter/vendor/codeigniter4/framework/system/CodeIgniter.php(404): CodeIgniter\CodeIgniter->runController()
#3 /opt/lampp/htdocs/the-pillows-stay/appstarter/vendor/codeigniter4/framework/system/CodeIgniter.php(312): CodeIgniter\CodeIgniter->handleRequest()
#4 /opt/lampp/htdocs/the-pillows-stay/appstarter/public/index.php(45): CodeIgniter\CodeIgniter->run()
#5 /opt/lampp/htdocs/the-pillows-stay/appstarter/vendor/codeigniter4/framework/system/Commands/Server/rewrite.php(34): require_once('/opt/lampp/htdo...')
#6 {main}
CRITICAL - 2020-11-15 01:52:16 --> Undefined property: App\Controllers\Service::$Kamar_model
#0 /opt/lampp/htdocs/the-pillows-stay/appstarter/app/Controllers/Service.php(30): CodeIgniter\Debug\Exceptions->errorHandler()
#1 /opt/lampp/htdocs/the-pillows-stay/appstarter/vendor/codeigniter4/framework/system/CodeIgniter.php(918): App\Controllers\Service->pesan()
#2 /opt/lampp/htdocs/the-pillows-stay/appstarter/vendor/codeigniter4/framework/system/CodeIgniter.php(404): CodeIgniter\CodeIgniter->runController()
#3 /opt/lampp/htdocs/the-pillows-stay/appstarter/vendor/codeigniter4/framework/system/CodeIgniter.php(312): CodeIgniter\CodeIgniter->handleRequest()
#4 /opt/lampp/htdocs/the-pillows-stay/appstarter/public/index.php(45): CodeIgniter\CodeIgniter->run()
#5 /opt/lampp/htdocs/the-pillows-stay/appstarter/vendor/codeigniter4/framework/system/Commands/Server/rewrite.php(34): require_once('/opt/lampp/htdo...')
#6 {main}
CRITICAL - 2020-11-15 01:53:03 --> Undefined property: App\Controllers\Service::$Kamar_model
#0 /opt/lampp/htdocs/the-pillows-stay/appstarter/app/Controllers/Service.php(30): CodeIgniter\Debug\Exceptions->errorHandler()
#1 /opt/lampp/htdocs/the-pillows-stay/appstarter/vendor/codeigniter4/framework/system/CodeIgniter.php(918): App\Controllers\Service->save()
#2 /opt/lampp/htdocs/the-pillows-stay/appstarter/vendor/codeigniter4/framework/system/CodeIgniter.php(404): CodeIgniter\CodeIgniter->runController()
#3 /opt/lampp/htdocs/the-pillows-stay/appstarter/vendor/codeigniter4/framework/system/CodeIgniter.php(312): CodeIgniter\CodeIgniter->handleRequest()
#4 /opt/lampp/htdocs/the-pillows-stay/appstarter/public/index.php(45): CodeIgniter\CodeIgniter->run()
#5 /opt/lampp/htdocs/the-pillows-stay/appstarter/vendor/codeigniter4/framework/system/Commands/Server/rewrite.php(34): require_once('/opt/lampp/htdo...')
#6 {main}
CRITICAL - 2020-11-15 02:12:09 --> Undefined property: App\Controllers\Service::$Kamar_model
#0 /opt/lampp/htdocs/the-pillows-stay/appstarter/app/Controllers/Service.php(30): CodeIgniter\Debug\Exceptions->errorHandler()
#1 /opt/lampp/htdocs/the-pillows-stay/appstarter/vendor/codeigniter4/framework/system/CodeIgniter.php(918): App\Controllers\Service->pemesanan()
#2 /opt/lampp/htdocs/the-pillows-stay/appstarter/vendor/codeigniter4/framework/system/CodeIgniter.php(404): CodeIgniter\CodeIgniter->runController()
#3 /opt/lampp/htdocs/the-pillows-stay/appstarter/vendor/codeigniter4/framework/system/CodeIgniter.php(312): CodeIgniter\CodeIgniter->handleRequest()
#4 /opt/lampp/htdocs/the-pillows-stay/appstarter/public/index.php(45): CodeIgniter\CodeIgniter->run()
#5 /opt/lampp/htdocs/the-pillows-stay/appstarter/vendor/codeigniter4/framework/system/Commands/Server/rewrite.php(34): require_once('/opt/lampp/htdo...')
#6 {main}
CRITICAL - 2020-11-15 02:12:48 --> Call to undefined method App\Models\Kamar_model::pemesanan
#0 /opt/lampp/htdocs/the-pillows-stay/appstarter/app/Controllers/Service.php(34): CodeIgniter\Model->__call()
#1 /opt/lampp/htdocs/the-pillows-stay/appstarter/vendor/codeigniter4/framework/system/CodeIgniter.php(918): App\Controllers\Service->pemesanan()
#2 /opt/lampp/htdocs/the-pillows-stay/appstarter/vendor/codeigniter4/framework/system/CodeIgniter.php(404): CodeIgniter\CodeIgniter->runController()
#3 /opt/lampp/htdocs/the-pillows-stay/appstarter/vendor/codeigniter4/framework/system/CodeIgniter.php(312): CodeIgniter\CodeIgniter->handleRequest()
#4 /opt/lampp/htdocs/the-pillows-stay/appstarter/public/index.php(45): CodeIgniter\CodeIgniter->run()
#5 /opt/lampp/htdocs/the-pillows-stay/appstarter/vendor/codeigniter4/framework/system/Commands/Server/rewrite.php(34): require_once('/opt/lampp/htdo...')
#6 {main}
CRITICAL - 2020-11-15 02:13:15 --> Column 'tipe_kamar' cannot be null
#0 /opt/lampp/htdocs/the-pillows-stay/appstarter/vendor/codeigniter4/framework/system/Database/MySQLi/Connection.php(331): mysqli->query()
#1 /opt/lampp/htdocs/the-pillows-stay/appstarter/vendor/codeigniter4/framework/system/Database/BaseConnection.php(741): CodeIgniter\Database\MySQLi\Connection->execute()
#2 /opt/lampp/htdocs/the-pillows-stay/appstarter/vendor/codeigniter4/framework/system/Database/BaseConnection.php(669): CodeIgniter\Database\BaseConnection->simpleQuery()
#3 /opt/lampp/htdocs/the-pillows-stay/appstarter/vendor/codeigniter4/framework/system/Database/BaseBuilder.php(2249): CodeIgniter\Database\BaseConnection->query()
#4 /opt/lampp/htdocs/the-pillows-stay/appstarter/app/Models/Kamar_model.php(43): CodeIgniter\Database\BaseBuilder->insert()
#5 /opt/lampp/htdocs/the-pillows-stay/appstarter/app/Controllers/Service.php(34): App\Models\Kamar_model->pesan()
#6 /opt/lampp/htdocs/the-pillows-stay/appstarter/vendor/codeigniter4/framework/system/CodeIgniter.php(918): App\Controllers\Service->pemesanan()
#7 /opt/lampp/htdocs/the-pillows-stay/appstarter/vendor/codeigniter4/framework/system/CodeIgniter.php(404): CodeIgniter\CodeIgniter->runController()
#8 /opt/lampp/htdocs/the-pillows-stay/appstarter/vendor/codeigniter4/framework/system/CodeIgniter.php(312): CodeIgniter\CodeIgniter->handleRequest()
#9 /opt/lampp/htdocs/the-pillows-stay/appstarter/public/index.php(45): CodeIgniter\CodeIgniter->run()
#10 /opt/lampp/htdocs/the-pillows-stay/appstarter/vendor/codeigniter4/framework/system/Commands/Server/rewrite.php(34): require_once('/opt/lampp/htdo...')
#11 {main}
CRITICAL - 2020-11-15 02:17:01 --> Column 'nama' cannot be null
#0 /opt/lampp/htdocs/the-pillows-stay/appstarter/vendor/codeigniter4/framework/system/Database/MySQLi/Connection.php(331): mysqli->query()
#1 /opt/lampp/htdocs/the-pillows-stay/appstarter/vendor/codeigniter4/framework/system/Database/BaseConnection.php(741): CodeIgniter\Database\MySQLi\Connection->execute()
#2 /opt/lampp/htdocs/the-pillows-stay/appstarter/vendor/codeigniter4/framework/system/Database/BaseConnection.php(669): CodeIgniter\Database\BaseConnection->simpleQuery()
#3 /opt/lampp/htdocs/the-pillows-stay/appstarter/vendor/codeigniter4/framework/system/Database/BaseBuilder.php(2249): CodeIgniter\Database\BaseConnection->query()
#4 /opt/lampp/htdocs/the-pillows-stay/appstarter/app/Models/Kamar_model.php(43): CodeIgniter\Database\BaseBuilder->insert()
#5 /opt/lampp/htdocs/the-pillows-stay/appstarter/app/Controllers/Service.php(34): App\Models\Kamar_model->pesan()
#6 /opt/lampp/htdocs/the-pillows-stay/appstarter/vendor/codeigniter4/framework/system/CodeIgniter.php(918): App\Controllers\Service->pemesanan()
#7 /opt/lampp/htdocs/the-pillows-stay/appstarter/vendor/codeigniter4/framework/system/CodeIgniter.php(404): CodeIgniter\CodeIgniter->runController()
#8 /opt/lampp/htdocs/the-pillows-stay/appstarter/vendor/codeigniter4/framework/system/CodeIgniter.php(312): CodeIgniter\CodeIgniter->handleRequest()
#9 /opt/lampp/htdocs/the-pillows-stay/appstarter/public/index.php(45): CodeIgniter\CodeIgniter->run()
#10 /opt/lampp/htdocs/the-pillows-stay/appstarter/vendor/codeigniter4/framework/system/Commands/Server/rewrite.php(34): require_once('/opt/lampp/htdo...')
#11 {main}
CRITICAL - 2020-11-15 02:17:02 --> Column 'nama' cannot be null
#0 /opt/lampp/htdocs/the-pillows-stay/appstarter/vendor/codeigniter4/framework/system/Database/MySQLi/Connection.php(331): mysqli->query()
#1 /opt/lampp/htdocs/the-pillows-stay/appstarter/vendor/codeigniter4/framework/system/Database/BaseConnection.php(741): CodeIgniter\Database\MySQLi\Connection->execute()
#2 /opt/lampp/htdocs/the-pillows-stay/appstarter/vendor/codeigniter4/framework/system/Database/BaseConnection.php(669): CodeIgniter\Database\BaseConnection->simpleQuery()
#3 /opt/lampp/htdocs/the-pillows-stay/appstarter/vendor/codeigniter4/framework/system/Database/BaseBuilder.php(2249): CodeIgniter\Database\BaseConnection->query()
#4 /opt/lampp/htdocs/the-pillows-stay/appstarter/app/Models/Kamar_model.php(43): CodeIgniter\Database\BaseBuilder->insert()
#5 /opt/lampp/htdocs/the-pillows-stay/appstarter/app/Controllers/Service.php(34): App\Models\Kamar_model->pesan()
#6 /opt/lampp/htdocs/the-pillows-stay/appstarter/vendor/codeigniter4/framework/system/CodeIgniter.php(918): App\Controllers\Service->pemesanan()
#7 /opt/lampp/htdocs/the-pillows-stay/appstarter/vendor/codeigniter4/framework/system/CodeIgniter.php(404): CodeIgniter\CodeIgniter->runController()
#8 /opt/lampp/htdocs/the-pillows-stay/appstarter/vendor/codeigniter4/framework/system/CodeIgniter.php(312): CodeIgniter\CodeIgniter->handleRequest()
#9 /opt/lampp/htdocs/the-pillows-stay/appstarter/public/index.php(45): CodeIgniter\CodeIgniter->run()
#10 /opt/lampp/htdocs/the-pillows-stay/appstarter/vendor/codeigniter4/framework/system/Commands/Server/rewrite.php(34): require_once('/opt/lampp/htdo...')
#11 {main}
CRITICAL - 2020-11-15 05:11:59 --> Unable to connect to the database.
#0 /opt/lampp/htdocs/the-pillows-stay/appstarter/vendor/codeigniter4/framework/system/Database/BaseConnection.php(646): CodeIgniter\Database\BaseConnection->initialize()
#1 /opt/lampp/htdocs/the-pillows-stay/appstarter/vendor/codeigniter4/framework/system/Database/BaseConnection.php(1548): CodeIgniter\Database\BaseConnection->query()
#2 /opt/lampp/htdocs/the-pillows-stay/appstarter/vendor/codeigniter4/framework/system/Database/BaseConnection.php(1591): CodeIgniter\Database\BaseConnection->listTables()
#3 /opt/lampp/htdocs/the-pillows-stay/appstarter/vendor/codeigniter4/framework/system/Database/MigrationRunner.php(945): CodeIgniter\Database\BaseConnection->tableExists()
#4 /opt/lampp/htdocs/the-pillows-stay/appstarter/vendor/codeigniter4/framework/system/Database/MigrationRunner.php(193): CodeIgniter\Database\MigrationRunner->ensureTable()
#5 /opt/lampp/htdocs/the-pillows-stay/appstarter/vendor/codeigniter4/framework/system/Commands/Database/Migrate.php(128): CodeIgniter\Database\MigrationRunner->latest()
#6 /opt/lampp/htdocs/the-pillows-stay/appstarter/vendor/codeigniter4/framework/system/CLI/Commands.php(100): CodeIgniter\Commands\Database\Migrate->run()
#7 /opt/lampp/htdocs/the-pillows-stay/appstarter/vendor/codeigniter4/framework/system/CLI/CommandRunner.php(107): CodeIgniter\CLI\Commands->run()
#8 /opt/lampp/htdocs/the-pillows-stay/appstarter/vendor/codeigniter4/framework/system/CLI/CommandRunner.php(85): CodeIgniter\CLI\CommandRunner->index()
#9 /opt/lampp/htdocs/the-pillows-stay/appstarter/vendor/codeigniter4/framework/system/CodeIgniter.php(914): CodeIgniter\CLI\CommandRunner->_remap()
#10 /opt/lampp/htdocs/the-pillows-stay/appstarter/vendor/codeigniter4/framework/system/CodeIgniter.php(404): CodeIgniter\CodeIgniter->runController()
#11 /opt/lampp/htdocs/the-pillows-stay/appstarter/vendor/codeigniter4/framework/system/CodeIgniter.php(312): CodeIgniter\CodeIgniter->handleRequest()
#12 /opt/lampp/htdocs/the-pillows-stay/appstarter/vendor/codeigniter4/framework/system/CLI/Console.php(86): CodeIgniter\CodeIgniter->run()
#13 /opt/lampp/htdocs/the-pillows-stay/appstarter/spark(57): CodeIgniter\CLI\Console->run()
#14 {main}
CRITICAL - 2020-11-15 05:18:13 --> Unable to connect to the database.
#0 /opt/lampp/htdocs/the-pillows-stay/appstarter/vendor/codeigniter4/framework/system/Database/BaseConnection.php(646): CodeIgniter\Database\BaseConnection->initialize()
#1 /opt/lampp/htdocs/the-pillows-stay/appstarter/vendor/codeigniter4/framework/system/Database/BaseConnection.php(1548): CodeIgniter\Database\BaseConnection->query()
#2 /opt/lampp/htdocs/the-pillows-stay/appstarter/vendor/codeigniter4/framework/system/Database/BaseConnection.php(1591): CodeIgniter\Database\BaseConnection->listTables()
#3 /opt/lampp/htdocs/the-pillows-stay/appstarter/vendor/codeigniter4/framework/system/Database/MigrationRunner.php(945): CodeIgniter\Database\BaseConnection->tableExists()
#4 /opt/lampp/htdocs/the-pillows-stay/appstarter/vendor/codeigniter4/framework/system/Database/MigrationRunner.php(193): CodeIgniter\Database\MigrationRunner->ensureTable()
#5 /opt/lampp/htdocs/the-pillows-stay/appstarter/vendor/codeigniter4/framework/system/Commands/Database/Migrate.php(128): CodeIgniter\Database\MigrationRunner->latest()
#6 /opt/lampp/htdocs/the-pillows-stay/appstarter/vendor/codeigniter4/framework/system/CLI/Commands.php(100): CodeIgniter\Commands\Database\Migrate->run()
#7 /opt/lampp/htdocs/the-pillows-stay/appstarter/vendor/codeigniter4/framework/system/CLI/CommandRunner.php(107): CodeIgniter\CLI\Commands->run()
#8 /opt/lampp/htdocs/the-pillows-stay/appstarter/vendor/codeigniter4/framework/system/CLI/CommandRunner.php(85): CodeIgniter\CLI\CommandRunner->index()
#9 /opt/lampp/htdocs/the-pillows-stay/appstarter/vendor/codeigniter4/framework/system/CodeIgniter.php(914): CodeIgniter\CLI\CommandRunner->_remap()
#10 /opt/lampp/htdocs/the-pillows-stay/appstarter/vendor/codeigniter4/framework/system/CodeIgniter.php(404): CodeIgniter\CodeIgniter->runController()
#11 /opt/lampp/htdocs/the-pillows-stay/appstarter/vendor/codeigniter4/framework/system/CodeIgniter.php(312): CodeIgniter\CodeIgniter->handleRequest()
#12 /opt/lampp/htdocs/the-pillows-stay/appstarter/vendor/codeigniter4/framework/system/CLI/Console.php(86): CodeIgniter\CodeIgniter->run()
#13 /opt/lampp/htdocs/the-pillows-stay/appstarter/spark(57): CodeIgniter\CLI\Console->run()
#14 {main}
CRITICAL - 2020-11-15 05:18:18 --> Unable to connect to the database.
#0 /opt/lampp/htdocs/the-pillows-stay/appstarter/vendor/codeigniter4/framework/system/Database/BaseConnection.php(646): CodeIgniter\Database\BaseConnection->initialize()
#1 /opt/lampp/htdocs/the-pillows-stay/appstarter/vendor/codeigniter4/framework/system/Database/BaseConnection.php(1548): CodeIgniter\Database\BaseConnection->query()
#2 /opt/lampp/htdocs/the-pillows-stay/appstarter/vendor/codeigniter4/framework/system/Database/BaseConnection.php(1591): CodeIgniter\Database\BaseConnection->listTables()
#3 /opt/lampp/htdocs/the-pillows-stay/appstarter/vendor/codeigniter4/framework/system/Database/MigrationRunner.php(945): CodeIgniter\Database\BaseConnection->tableExists()
#4 /opt/lampp/htdocs/the-pillows-stay/appstarter/vendor/codeigniter4/framework/system/Database/MigrationRunner.php(193): CodeIgniter\Database\MigrationRunner->ensureTable()
#5 /opt/lampp/htdocs/the-pillows-stay/appstarter/vendor/codeigniter4/framework/system/Commands/Database/Migrate.php(128): CodeIgniter\Database\MigrationRunner->latest()
#6 /opt/lampp/htdocs/the-pillows-stay/appstarter/vendor/codeigniter4/framework/system/CLI/Commands.php(100): CodeIgniter\Commands\Database\Migrate->run()
#7 /opt/lampp/htdocs/the-pillows-stay/appstarter/vendor/codeigniter4/framework/system/CLI/CommandRunner.php(107): CodeIgniter\CLI\Commands->run()
#8 /opt/lampp/htdocs/the-pillows-stay/appstarter/vendor/codeigniter4/framework/system/CLI/CommandRunner.php(85): CodeIgniter\CLI\CommandRunner->index()
#9 /opt/lampp/htdocs/the-pillows-stay/appstarter/vendor/codeigniter4/framework/system/CodeIgniter.php(914): CodeIgniter\CLI\CommandRunner->_remap()
#10 /opt/lampp/htdocs/the-pillows-stay/appstarter/vendor/codeigniter4/framework/system/CodeIgniter.php(404): CodeIgniter\CodeIgniter->runController()
#11 /opt/lampp/htdocs/the-pillows-stay/appstarter/vendor/codeigniter4/framework/system/CodeIgniter.php(312): CodeIgniter\CodeIgniter->handleRequest()
#12 /opt/lampp/htdocs/the-pillows-stay/appstarter/vendor/codeigniter4/framework/system/CLI/Console.php(86): CodeIgniter\CodeIgniter->run()
#13 /opt/lampp/htdocs/the-pillows-stay/appstarter/spark(57): CodeIgniter\CLI\Console->run()
#14 {main}
CRITICAL - 2020-11-15 05:19:40 --> Unable to connect to the database.
#0 /opt/lampp/htdocs/the-pillows-stay/appstarter/vendor/codeigniter4/framework/system/Database/BaseConnection.php(646): CodeIgniter\Database\BaseConnection->initialize()
#1 /opt/lampp/htdocs/the-pillows-stay/appstarter/vendor/codeigniter4/framework/system/Database/BaseConnection.php(1548): CodeIgniter\Database\BaseConnection->query()
#2 /opt/lampp/htdocs/the-pillows-stay/appstarter/vendor/codeigniter4/framework/system/Database/BaseConnection.php(1591): CodeIgniter\Database\BaseConnection->listTables()
#3 /opt/lampp/htdocs/the-pillows-stay/appstarter/vendor/codeigniter4/framework/system/Database/MigrationRunner.php(945): CodeIgniter\Database\BaseConnection->tableExists()
#4 /opt/lampp/htdocs/the-pillows-stay/appstarter/vendor/codeigniter4/framework/system/Database/MigrationRunner.php(193): CodeIgniter\Database\MigrationRunner->ensureTable()
#5 /opt/lampp/htdocs/the-pillows-stay/appstarter/vendor/codeigniter4/framework/system/Commands/Database/Migrate.php(128): CodeIgniter\Database\MigrationRunner->latest()
#6 /opt/lampp/htdocs/the-pillows-stay/appstarter/vendor/codeigniter4/framework/system/CLI/Commands.php(100): CodeIgniter\Commands\Database\Migrate->run()
#7 /opt/lampp/htdocs/the-pillows-stay/appstarter/vendor/codeigniter4/framework/system/CLI/CommandRunner.php(107): CodeIgniter\CLI\Commands->run()
#8 /opt/lampp/htdocs/the-pillows-stay/appstarter/vendor/codeigniter4/framework/system/CLI/CommandRunner.php(85): CodeIgniter\CLI\CommandRunner->index()
#9 /opt/lampp/htdocs/the-pillows-stay/appstarter/vendor/codeigniter4/framework/system/CodeIgniter.php(914): CodeIgniter\CLI\CommandRunner->_remap()
#10 /opt/lampp/htdocs/the-pillows-stay/appstarter/vendor/codeigniter4/framework/system/CodeIgniter.php(404): CodeIgniter\CodeIgniter->runController()
#11 /opt/lampp/htdocs/the-pillows-stay/appstarter/vendor/codeigniter4/framework/system/CodeIgniter.php(312): CodeIgniter\CodeIgniter->handleRequest()
#12 /opt/lampp/htdocs/the-pillows-stay/appstarter/vendor/codeigniter4/framework/system/CLI/Console.php(86): CodeIgniter\CodeIgniter->run()
#13 /opt/lampp/htdocs/the-pillows-stay/appstarter/spark(57): CodeIgniter\CLI\Console->run()
#14 {main}
CRITICAL - 2020-11-15 18:04:35 --> Unable to connect to the database.
#0 /opt/lampp/htdocs/the-pillows-stay/appstarter/vendor/codeigniter4/framework/system/Database/BaseConnection.php(646): CodeIgniter\Database\BaseConnection->initialize()
#1 /opt/lampp/htdocs/the-pillows-stay/appstarter/vendor/codeigniter4/framework/system/Database/BaseConnection.php(1548): CodeIgniter\Database\BaseConnection->query()
#2 /opt/lampp/htdocs/the-pillows-stay/appstarter/vendor/codeigniter4/framework/system/Database/BaseConnection.php(1591): CodeIgniter\Database\BaseConnection->listTables()
#3 /opt/lampp/htdocs/the-pillows-stay/appstarter/vendor/codeigniter4/framework/system/Database/MigrationRunner.php(945): CodeIgniter\Database\BaseConnection->tableExists()
#4 /opt/lampp/htdocs/the-pillows-stay/appstarter/vendor/codeigniter4/framework/system/Database/MigrationRunner.php(193): CodeIgniter\Database\MigrationRunner->ensureTable()
#5 /opt/lampp/htdocs/the-pillows-stay/appstarter/vendor/codeigniter4/framework/system/Commands/Database/Migrate.php(128): CodeIgniter\Database\MigrationRunner->latest()
#6 /opt/lampp/htdocs/the-pillows-stay/appstarter/vendor/codeigniter4/framework/system/CLI/Commands.php(100): CodeIgniter\Commands\Database\Migrate->run()
#7 /opt/lampp/htdocs/the-pillows-stay/appstarter/vendor/codeigniter4/framework/system/CLI/CommandRunner.php(107): CodeIgniter\CLI\Commands->run()
#8 /opt/lampp/htdocs/the-pillows-stay/appstarter/vendor/codeigniter4/framework/system/CLI/CommandRunner.php(85): CodeIgniter\CLI\CommandRunner->index()
#9 /opt/lampp/htdocs/the-pillows-stay/appstarter/vendor/codeigniter4/framework/system/CodeIgniter.php(914): CodeIgniter\CLI\CommandRunner->_remap()
#10 /opt/lampp/htdocs/the-pillows-stay/appstarter/vendor/codeigniter4/framework/system/CodeIgniter.php(404): CodeIgniter\CodeIgniter->runController()
#11 /opt/lampp/htdocs/the-pillows-stay/appstarter/vendor/codeigniter4/framework/system/CodeIgniter.php(312): CodeIgniter\CodeIgniter->handleRequest()
#12 /opt/lampp/htdocs/the-pillows-stay/appstarter/vendor/codeigniter4/framework/system/CLI/Console.php(86): CodeIgniter\CodeIgniter->run()
#13 /opt/lampp/htdocs/the-pillows-stay/appstarter/spark(57): CodeIgniter\CLI\Console->run()
#14 {main}
CRITICAL - 2020-11-15 18:10:32 --> db_the_pillows_stay is not a valid database connection group.
#0 /opt/lampp/htdocs/the-pillows-stay/appstarter/vendor/codeigniter4/framework/system/Model.php(352): CodeIgniter\Database\Config::connect()
#1 /opt/lampp/htdocs/the-pillows-stay/appstarter/app/Controllers/Service.php(11): CodeIgniter\Model->__construct()
#2 /opt/lampp/htdocs/the-pillows-stay/appstarter/vendor/codeigniter4/framework/system/CodeIgniter.php(890): App\Controllers\Service->__construct()
#3 /opt/lampp/htdocs/the-pillows-stay/appstarter/vendor/codeigniter4/framework/system/CodeIgniter.php(399): CodeIgniter\CodeIgniter->createController()
#4 /opt/lampp/htdocs/the-pillows-stay/appstarter/vendor/codeigniter4/framework/system/CodeIgniter.php(312): CodeIgniter\CodeIgniter->handleRequest()
#5 /opt/lampp/htdocs/the-pillows-stay/appstarter/public/index.php(45): CodeIgniter\CodeIgniter->run()
#6 /opt/lampp/htdocs/the-pillows-stay/appstarter/vendor/codeigniter4/framework/system/Commands/Server/rewrite.php(34): require_once('/opt/lampp/htdo...')
#7 {main}
