CRITICAL - 2020-11-19 01:05:00 --> Unable to connect to the database.
#0 /opt/lampp/htdocs/the-pillows-stay/appstarter/vendor/codeigniter4/framework/system/Database/BaseConnection.php(646): CodeIgniter\Database\BaseConnection->initialize()
#1 /opt/lampp/htdocs/the-pillows-stay/appstarter/vendor/codeigniter4/framework/system/Database/BaseBuilder.php(1860): CodeIgniter\Database\BaseConnection->query()
#2 /opt/lampp/htdocs/the-pillows-stay/appstarter/vendor/codeigniter4/framework/system/Model.php(398): CodeIgniter\Database\BaseBuilder->get()
#3 /opt/lampp/htdocs/the-pillows-stay/appstarter/vendor/myth/auth/src/Authentication/AuthenticationBase.php(137): CodeIgniter\Model->find()
#4 /opt/lampp/htdocs/the-pillows-stay/appstarter/vendor/myth/auth/src/Authentication/LocalAuthenticator.php(70): Myth\Auth\Authentication\AuthenticationBase->isLoggedIn()
#5 /opt/lampp/htdocs/the-pillows-stay/appstarter/vendor/myth/auth/src/Filters/LoginFilter.php(44): Myth\Auth\Authentication\LocalAuthenticator->check()
#6 /opt/lampp/htdocs/the-pillows-stay/appstarter/vendor/codeigniter4/framework/system/Filters/Filters.php(173): Myth\Auth\Filters\LoginFilter->before()
#7 /opt/lampp/htdocs/the-pillows-stay/appstarter/vendor/codeigniter4/framework/system/CodeIgniter.php(382): CodeIgniter\Filters\Filters->run()
#8 /opt/lampp/htdocs/the-pillows-stay/appstarter/vendor/codeigniter4/framework/system/CodeIgniter.php(312): CodeIgniter\CodeIgniter->handleRequest()
#9 /opt/lampp/htdocs/the-pillows-stay/appstarter/public/index.php(45): CodeIgniter\CodeIgniter->run()
#10 /opt/lampp/htdocs/the-pillows-stay/appstarter/vendor/codeigniter4/framework/system/Commands/Server/rewrite.php(34): require_once('/opt/lampp/htdo...')
#11 {main}
CRITICAL - 2020-11-19 04:41:56 --> Call to undefined method App\Models\Kamar_model::pesan
#0 /opt/lampp/htdocs/the-pillows-stay/appstarter/app/Controllers/Service.php(34): CodeIgniter\Model->__call()
#1 /opt/lampp/htdocs/the-pillows-stay/appstarter/vendor/codeigniter4/framework/system/CodeIgniter.php(918): App\Controllers\Service->pemesanan()
#2 /opt/lampp/htdocs/the-pillows-stay/appstarter/vendor/codeigniter4/framework/system/CodeIgniter.php(404): CodeIgniter\CodeIgniter->runController()
#3 /opt/lampp/htdocs/the-pillows-stay/appstarter/vendor/codeigniter4/framework/system/CodeIgniter.php(312): CodeIgniter\CodeIgniter->handleRequest()
#4 /opt/lampp/htdocs/the-pillows-stay/appstarter/public/index.php(45): CodeIgniter\CodeIgniter->run()
#5 /opt/lampp/htdocs/the-pillows-stay/appstarter/vendor/codeigniter4/framework/system/Commands/Server/rewrite.php(34): require_once('/opt/lampp/htdo...')
#6 {main}
CRITICAL - 2020-11-19 04:42:18 --> Column 'nama' cannot be null
#0 /opt/lampp/htdocs/the-pillows-stay/appstarter/vendor/codeigniter4/framework/system/Database/MySQLi/Connection.php(331): mysqli->query()
#1 /opt/lampp/htdocs/the-pillows-stay/appstarter/vendor/codeigniter4/framework/system/Database/BaseConnection.php(741): CodeIgniter\Database\MySQLi\Connection->execute()
#2 /opt/lampp/htdocs/the-pillows-stay/appstarter/vendor/codeigniter4/framework/system/Database/BaseConnection.php(669): CodeIgniter\Database\BaseConnection->simpleQuery()
#3 /opt/lampp/htdocs/the-pillows-stay/appstarter/vendor/codeigniter4/framework/system/Database/BaseBuilder.php(2249): CodeIgniter\Database\BaseConnection->query()
#4 /opt/lampp/htdocs/the-pillows-stay/appstarter/app/Models/Kamar_model.php(44): CodeIgniter\Database\BaseBuilder->insert()
#5 /opt/lampp/htdocs/the-pillows-stay/appstarter/app/Controllers/Service.php(34): App\Models\Kamar_model->pesankamar()
#6 /opt/lampp/htdocs/the-pillows-stay/appstarter/vendor/codeigniter4/framework/system/CodeIgniter.php(918): App\Controllers\Service->pemesanan()
#7 /opt/lampp/htdocs/the-pillows-stay/appstarter/vendor/codeigniter4/framework/system/CodeIgniter.php(404): CodeIgniter\CodeIgniter->runController()
#8 /opt/lampp/htdocs/the-pillows-stay/appstarter/vendor/codeigniter4/framework/system/CodeIgniter.php(312): CodeIgniter\CodeIgniter->handleRequest()
#9 /opt/lampp/htdocs/the-pillows-stay/appstarter/public/index.php(45): CodeIgniter\CodeIgniter->run()
#10 /opt/lampp/htdocs/the-pillows-stay/appstarter/vendor/codeigniter4/framework/system/Commands/Server/rewrite.php(34): require_once('/opt/lampp/htdo...')
#11 {main}
CRITICAL - 2020-11-19 05:21:45 --> Undefined property: App\Controllers\Service::$pemesanantiket
#0 /opt/lampp/htdocs/the-pillows-stay/appstarter/app/Controllers/Service.php(41): CodeIgniter\Debug\Exceptions->errorHandler()
#1 /opt/lampp/htdocs/the-pillows-stay/appstarter/vendor/codeigniter4/framework/system/CodeIgniter.php(918): App\Controllers\Service->pesantiket()
#2 /opt/lampp/htdocs/the-pillows-stay/appstarter/vendor/codeigniter4/framework/system/CodeIgniter.php(404): CodeIgniter\CodeIgniter->runController()
#3 /opt/lampp/htdocs/the-pillows-stay/appstarter/vendor/codeigniter4/framework/system/CodeIgniter.php(312): CodeIgniter\CodeIgniter->handleRequest()
#4 /opt/lampp/htdocs/the-pillows-stay/appstarter/public/index.php(45): CodeIgniter\CodeIgniter->run()
#5 /opt/lampp/htdocs/the-pillows-stay/appstarter/vendor/codeigniter4/framework/system/Commands/Server/rewrite.php(34): require_once('/opt/lampp/htdo...')
#6 {main}
CRITICAL - 2020-11-19 09:35:13 --> Class 'App\Controllers\Tiket_model' not found
#0 /opt/lampp/htdocs/the-pillows-stay/appstarter/vendor/codeigniter4/framework/system/CodeIgniter.php(890): App\Controllers\Service->__construct()
#1 /opt/lampp/htdocs/the-pillows-stay/appstarter/vendor/codeigniter4/framework/system/CodeIgniter.php(399): CodeIgniter\CodeIgniter->createController()
#2 /opt/lampp/htdocs/the-pillows-stay/appstarter/vendor/codeigniter4/framework/system/CodeIgniter.php(312): CodeIgniter\CodeIgniter->handleRequest()
#3 /opt/lampp/htdocs/the-pillows-stay/appstarter/public/index.php(45): CodeIgniter\CodeIgniter->run()
#4 /opt/lampp/htdocs/the-pillows-stay/appstarter/vendor/codeigniter4/framework/system/Commands/Server/rewrite.php(34): require_once('/opt/lampp/htdo...')
#5 {main}
CRITICAL - 2020-11-19 09:53:48 --> Invalid file: service/sewajemput.php
#0 /opt/lampp/htdocs/the-pillows-stay/appstarter/vendor/codeigniter4/framework/system/View/View.php(228): CodeIgniter\Exceptions\FrameworkException::forInvalidFile()
#1 /opt/lampp/htdocs/the-pillows-stay/appstarter/vendor/codeigniter4/framework/system/Common.php(1119): CodeIgniter\View\View->render()
#2 /opt/lampp/htdocs/the-pillows-stay/appstarter/app/Controllers/Service.php(70): view()
#3 /opt/lampp/htdocs/the-pillows-stay/appstarter/vendor/codeigniter4/framework/system/CodeIgniter.php(918): App\Controllers\Service->sewajemput()
#4 /opt/lampp/htdocs/the-pillows-stay/appstarter/vendor/codeigniter4/framework/system/CodeIgniter.php(404): CodeIgniter\CodeIgniter->runController()
#5 /opt/lampp/htdocs/the-pillows-stay/appstarter/vendor/codeigniter4/framework/system/CodeIgniter.php(312): CodeIgniter\CodeIgniter->handleRequest()
#6 /opt/lampp/htdocs/the-pillows-stay/appstarter/public/index.php(45): CodeIgniter\CodeIgniter->run()
#7 /opt/lampp/htdocs/the-pillows-stay/appstarter/vendor/codeigniter4/framework/system/Commands/Server/rewrite.php(34): require_once('/opt/lampp/htdo...')
#8 {main}
CRITICAL - 2020-11-19 20:11:22 --> Unable to connect to the database.
#0 /opt/lampp/htdocs/the-pillows-stay/appstarter/vendor/codeigniter4/framework/system/Database/BaseConnection.php(646): CodeIgniter\Database\BaseConnection->initialize()
#1 /opt/lampp/htdocs/the-pillows-stay/appstarter/vendor/codeigniter4/framework/system/Database/BaseBuilder.php(1860): CodeIgniter\Database\BaseConnection->query()
#2 /opt/lampp/htdocs/the-pillows-stay/appstarter/vendor/codeigniter4/framework/system/Model.php(506): CodeIgniter\Database\BaseBuilder->get()
#3 /opt/lampp/htdocs/the-pillows-stay/appstarter/vendor/myth/auth/src/Authentication/LocalAuthenticator.php(156): CodeIgniter\Model->first()
#4 /opt/lampp/htdocs/the-pillows-stay/appstarter/vendor/myth/auth/src/Authentication/LocalAuthenticator.php(20): Myth\Auth\Authentication\LocalAuthenticator->validate()
#5 /opt/lampp/htdocs/the-pillows-stay/appstarter/vendor/myth/auth/src/Controllers/AuthController.php(85): Myth\Auth\Authentication\LocalAuthenticator->attempt()
#6 /opt/lampp/htdocs/the-pillows-stay/appstarter/vendor/codeigniter4/framework/system/CodeIgniter.php(918): Myth\Auth\Controllers\AuthController->attemptLogin()
#7 /opt/lampp/htdocs/the-pillows-stay/appstarter/vendor/codeigniter4/framework/system/CodeIgniter.php(404): CodeIgniter\CodeIgniter->runController()
#8 /opt/lampp/htdocs/the-pillows-stay/appstarter/vendor/codeigniter4/framework/system/CodeIgniter.php(312): CodeIgniter\CodeIgniter->handleRequest()
#9 /opt/lampp/htdocs/the-pillows-stay/appstarter/public/index.php(45): CodeIgniter\CodeIgniter->run()
#10 /opt/lampp/htdocs/the-pillows-stay/appstarter/vendor/codeigniter4/framework/system/Commands/Server/rewrite.php(34): require_once('/opt/lampp/htdo...')
#11 {main}
CRITICAL - 2020-11-19 20:11:37 --> Unable to connect to the database.
#0 /opt/lampp/htdocs/the-pillows-stay/appstarter/vendor/codeigniter4/framework/system/Database/BaseConnection.php(646): CodeIgniter\Database\BaseConnection->initialize()
#1 /opt/lampp/htdocs/the-pillows-stay/appstarter/vendor/codeigniter4/framework/system/Database/BaseBuilder.php(1860): CodeIgniter\Database\BaseConnection->query()
#2 /opt/lampp/htdocs/the-pillows-stay/appstarter/vendor/codeigniter4/framework/system/Model.php(506): CodeIgniter\Database\BaseBuilder->get()
#3 /opt/lampp/htdocs/the-pillows-stay/appstarter/vendor/myth/auth/src/Authentication/LocalAuthenticator.php(156): CodeIgniter\Model->first()
#4 /opt/lampp/htdocs/the-pillows-stay/appstarter/vendor/myth/auth/src/Authentication/LocalAuthenticator.php(20): Myth\Auth\Authentication\LocalAuthenticator->validate()
#5 /opt/lampp/htdocs/the-pillows-stay/appstarter/vendor/myth/auth/src/Controllers/AuthController.php(85): Myth\Auth\Authentication\LocalAuthenticator->attempt()
#6 /opt/lampp/htdocs/the-pillows-stay/appstarter/vendor/codeigniter4/framework/system/CodeIgniter.php(918): Myth\Auth\Controllers\AuthController->attemptLogin()
#7 /opt/lampp/htdocs/the-pillows-stay/appstarter/vendor/codeigniter4/framework/system/CodeIgniter.php(404): CodeIgniter\CodeIgniter->runController()
#8 /opt/lampp/htdocs/the-pillows-stay/appstarter/vendor/codeigniter4/framework/system/CodeIgniter.php(312): CodeIgniter\CodeIgniter->handleRequest()
#9 /opt/lampp/htdocs/the-pillows-stay/appstarter/public/index.php(45): CodeIgniter\CodeIgniter->run()
#10 /opt/lampp/htdocs/the-pillows-stay/appstarter/vendor/codeigniter4/framework/system/Commands/Server/rewrite.php(34): require_once('/opt/lampp/htdo...')
#11 {main}
