CRITICAL - 2020-11-18 02:07:11 --> db_the_pillows_stay is not a valid database connection group.
#0 /opt/lampp/htdocs/the-pillows-stay/appstarter/vendor/codeigniter4/framework/system/Model.php(352): CodeIgniter\Database\Config::connect()
#1 /opt/lampp/htdocs/the-pillows-stay/appstarter/app/Controllers/Service.php(11): CodeIgniter\Model->__construct()
#2 /opt/lampp/htdocs/the-pillows-stay/appstarter/vendor/codeigniter4/framework/system/CodeIgniter.php(890): App\Controllers\Service->__construct()
#3 /opt/lampp/htdocs/the-pillows-stay/appstarter/vendor/codeigniter4/framework/system/CodeIgniter.php(399): CodeIgniter\CodeIgniter->createController()
#4 /opt/lampp/htdocs/the-pillows-stay/appstarter/vendor/codeigniter4/framework/system/CodeIgniter.php(312): CodeIgniter\CodeIgniter->handleRequest()
#5 /opt/lampp/htdocs/the-pillows-stay/appstarter/public/index.php(45): CodeIgniter\CodeIgniter->run()
#6 /opt/lampp/htdocs/the-pillows-stay/appstarter/vendor/codeigniter4/framework/system/Commands/Server/rewrite.php(34): require_once('/opt/lampp/htdo...')
#7 {main}
CRITICAL - 2020-11-18 02:09:03 --> Unable to connect to the database.
#0 /opt/lampp/htdocs/the-pillows-stay/appstarter/vendor/codeigniter4/framework/system/Database/BaseConnection.php(646): CodeIgniter\Database\BaseConnection->initialize()
#1 /opt/lampp/htdocs/the-pillows-stay/appstarter/vendor/codeigniter4/framework/system/Database/BaseConnection.php(1548): CodeIgniter\Database\BaseConnection->query()
#2 /opt/lampp/htdocs/the-pillows-stay/appstarter/vendor/codeigniter4/framework/system/Database/BaseConnection.php(1591): CodeIgniter\Database\BaseConnection->listTables()
#3 /opt/lampp/htdocs/the-pillows-stay/appstarter/vendor/codeigniter4/framework/system/Database/MigrationRunner.php(945): CodeIgniter\Database\BaseConnection->tableExists()
#4 /opt/lampp/htdocs/the-pillows-stay/appstarter/vendor/codeigniter4/framework/system/Database/MigrationRunner.php(193): CodeIgniter\Database\MigrationRunner->ensureTable()
#5 /opt/lampp/htdocs/the-pillows-stay/appstarter/vendor/codeigniter4/framework/system/Commands/Database/Migrate.php(128): CodeIgniter\Database\MigrationRunner->latest()
#6 /opt/lampp/htdocs/the-pillows-stay/appstarter/vendor/codeigniter4/framework/system/CLI/Commands.php(100): CodeIgniter\Commands\Database\Migrate->run()
#7 /opt/lampp/htdocs/the-pillows-stay/appstarter/vendor/codeigniter4/framework/system/CLI/CommandRunner.php(107): CodeIgniter\CLI\Commands->run()
#8 /opt/lampp/htdocs/the-pillows-stay/appstarter/vendor/codeigniter4/framework/system/CLI/CommandRunner.php(85): CodeIgniter\CLI\CommandRunner->index()
#9 /opt/lampp/htdocs/the-pillows-stay/appstarter/vendor/codeigniter4/framework/system/CodeIgniter.php(914): CodeIgniter\CLI\CommandRunner->_remap()
#10 /opt/lampp/htdocs/the-pillows-stay/appstarter/vendor/codeigniter4/framework/system/CodeIgniter.php(404): CodeIgniter\CodeIgniter->runController()
#11 /opt/lampp/htdocs/the-pillows-stay/appstarter/vendor/codeigniter4/framework/system/CodeIgniter.php(312): CodeIgniter\CodeIgniter->handleRequest()
#12 /opt/lampp/htdocs/the-pillows-stay/appstarter/vendor/codeigniter4/framework/system/CLI/Console.php(86): CodeIgniter\CodeIgniter->run()
#13 /opt/lampp/htdocs/the-pillows-stay/appstarter/spark(57): CodeIgniter\CLI\Console->run()
#14 {main}
CRITICAL - 2020-11-18 02:09:27 --> Unable to connect to the database.
#0 /opt/lampp/htdocs/the-pillows-stay/appstarter/vendor/codeigniter4/framework/system/Database/BaseConnection.php(646): CodeIgniter\Database\BaseConnection->initialize()
#1 /opt/lampp/htdocs/the-pillows-stay/appstarter/vendor/codeigniter4/framework/system/Database/BaseConnection.php(1548): CodeIgniter\Database\BaseConnection->query()
#2 /opt/lampp/htdocs/the-pillows-stay/appstarter/vendor/codeigniter4/framework/system/Database/BaseConnection.php(1591): CodeIgniter\Database\BaseConnection->listTables()
#3 /opt/lampp/htdocs/the-pillows-stay/appstarter/vendor/codeigniter4/framework/system/Database/MigrationRunner.php(945): CodeIgniter\Database\BaseConnection->tableExists()
#4 /opt/lampp/htdocs/the-pillows-stay/appstarter/vendor/codeigniter4/framework/system/Database/MigrationRunner.php(193): CodeIgniter\Database\MigrationRunner->ensureTable()
#5 /opt/lampp/htdocs/the-pillows-stay/appstarter/vendor/codeigniter4/framework/system/Commands/Database/Migrate.php(128): CodeIgniter\Database\MigrationRunner->latest()
#6 /opt/lampp/htdocs/the-pillows-stay/appstarter/vendor/codeigniter4/framework/system/CLI/Commands.php(100): CodeIgniter\Commands\Database\Migrate->run()
#7 /opt/lampp/htdocs/the-pillows-stay/appstarter/vendor/codeigniter4/framework/system/CLI/CommandRunner.php(107): CodeIgniter\CLI\Commands->run()
#8 /opt/lampp/htdocs/the-pillows-stay/appstarter/vendor/codeigniter4/framework/system/CLI/CommandRunner.php(85): CodeIgniter\CLI\CommandRunner->index()
#9 /opt/lampp/htdocs/the-pillows-stay/appstarter/vendor/codeigniter4/framework/system/CodeIgniter.php(914): CodeIgniter\CLI\CommandRunner->_remap()
#10 /opt/lampp/htdocs/the-pillows-stay/appstarter/vendor/codeigniter4/framework/system/CodeIgniter.php(404): CodeIgniter\CodeIgniter->runController()
#11 /opt/lampp/htdocs/the-pillows-stay/appstarter/vendor/codeigniter4/framework/system/CodeIgniter.php(312): CodeIgniter\CodeIgniter->handleRequest()
#12 /opt/lampp/htdocs/the-pillows-stay/appstarter/vendor/codeigniter4/framework/system/CLI/Console.php(86): CodeIgniter\CodeIgniter->run()
#13 /opt/lampp/htdocs/the-pillows-stay/appstarter/spark(57): CodeIgniter\CLI\Console->run()
#14 {main}
CRITICAL - 2020-11-18 02:11:10 --> Unable to connect to the database.
#0 /opt/lampp/htdocs/the-pillows-stay/appstarter/vendor/codeigniter4/framework/system/Database/Database.php(109): CodeIgniter\Database\BaseConnection->initialize()
#1 /opt/lampp/htdocs/the-pillows-stay/appstarter/vendor/codeigniter4/framework/system/Database/Config.php(148): CodeIgniter\Database\Database->loadForge()
#2 /opt/lampp/htdocs/the-pillows-stay/appstarter/vendor/codeigniter4/framework/system/Database/Migration.php(78): CodeIgniter\Database\Config::forge()
#3 /opt/lampp/htdocs/the-pillows-stay/appstarter/vendor/codeigniter4/framework/system/Database/MigrationRunner.php(1026): CodeIgniter\Database\Migration->__construct()
#4 /opt/lampp/htdocs/the-pillows-stay/appstarter/vendor/codeigniter4/framework/system/Database/MigrationRunner.php(223): CodeIgniter\Database\MigrationRunner->migrate()
#5 /opt/lampp/htdocs/the-pillows-stay/appstarter/vendor/codeigniter4/framework/system/Commands/Database/Migrate.php(128): CodeIgniter\Database\MigrationRunner->latest()
#6 /opt/lampp/htdocs/the-pillows-stay/appstarter/vendor/codeigniter4/framework/system/CLI/Commands.php(100): CodeIgniter\Commands\Database\Migrate->run()
#7 /opt/lampp/htdocs/the-pillows-stay/appstarter/vendor/codeigniter4/framework/system/CLI/CommandRunner.php(107): CodeIgniter\CLI\Commands->run()
#8 /opt/lampp/htdocs/the-pillows-stay/appstarter/vendor/codeigniter4/framework/system/CLI/CommandRunner.php(85): CodeIgniter\CLI\CommandRunner->index()
#9 /opt/lampp/htdocs/the-pillows-stay/appstarter/vendor/codeigniter4/framework/system/CodeIgniter.php(914): CodeIgniter\CLI\CommandRunner->_remap()
#10 /opt/lampp/htdocs/the-pillows-stay/appstarter/vendor/codeigniter4/framework/system/CodeIgniter.php(404): CodeIgniter\CodeIgniter->runController()
#11 /opt/lampp/htdocs/the-pillows-stay/appstarter/vendor/codeigniter4/framework/system/CodeIgniter.php(312): CodeIgniter\CodeIgniter->handleRequest()
#12 /opt/lampp/htdocs/the-pillows-stay/appstarter/vendor/codeigniter4/framework/system/CLI/Console.php(86): CodeIgniter\CodeIgniter->run()
#13 /opt/lampp/htdocs/the-pillows-stay/appstarter/spark(57): CodeIgniter\CLI\Console->run()
#14 {main}
CRITICAL - 2020-11-18 02:23:38 --> Unable to connect to the database.
#0 /opt/lampp/htdocs/the-pillows-stay/appstarter/vendor/codeigniter4/framework/system/Database/Database.php(109): CodeIgniter\Database\BaseConnection->initialize()
#1 /opt/lampp/htdocs/the-pillows-stay/appstarter/vendor/codeigniter4/framework/system/Database/Config.php(148): CodeIgniter\Database\Database->loadForge()
#2 /opt/lampp/htdocs/the-pillows-stay/appstarter/vendor/codeigniter4/framework/system/Database/Migration.php(78): CodeIgniter\Database\Config::forge()
#3 /opt/lampp/htdocs/the-pillows-stay/appstarter/vendor/codeigniter4/framework/system/Database/MigrationRunner.php(1026): CodeIgniter\Database\Migration->__construct()
#4 /opt/lampp/htdocs/the-pillows-stay/appstarter/vendor/codeigniter4/framework/system/Database/MigrationRunner.php(223): CodeIgniter\Database\MigrationRunner->migrate()
#5 /opt/lampp/htdocs/the-pillows-stay/appstarter/vendor/codeigniter4/framework/system/Commands/Database/Migrate.php(128): CodeIgniter\Database\MigrationRunner->latest()
#6 /opt/lampp/htdocs/the-pillows-stay/appstarter/vendor/codeigniter4/framework/system/CLI/Commands.php(100): CodeIgniter\Commands\Database\Migrate->run()
#7 /opt/lampp/htdocs/the-pillows-stay/appstarter/vendor/codeigniter4/framework/system/CLI/CommandRunner.php(107): CodeIgniter\CLI\Commands->run()
#8 /opt/lampp/htdocs/the-pillows-stay/appstarter/vendor/codeigniter4/framework/system/CLI/CommandRunner.php(85): CodeIgniter\CLI\CommandRunner->index()
#9 /opt/lampp/htdocs/the-pillows-stay/appstarter/vendor/codeigniter4/framework/system/CodeIgniter.php(914): CodeIgniter\CLI\CommandRunner->_remap()
#10 /opt/lampp/htdocs/the-pillows-stay/appstarter/vendor/codeigniter4/framework/system/CodeIgniter.php(404): CodeIgniter\CodeIgniter->runController()
#11 /opt/lampp/htdocs/the-pillows-stay/appstarter/vendor/codeigniter4/framework/system/CodeIgniter.php(312): CodeIgniter\CodeIgniter->handleRequest()
#12 /opt/lampp/htdocs/the-pillows-stay/appstarter/vendor/codeigniter4/framework/system/CLI/Console.php(86): CodeIgniter\CodeIgniter->run()
#13 /opt/lampp/htdocs/the-pillows-stay/appstarter/spark(57): CodeIgniter\CLI\Console->run()
#14 {main}
