CRITICAL - 2020-11-14 20:54:13 --> Call to undefined function CodeIgniter\CLI\mb_strpos()
#0 /opt/lampp/htdocs/the-pillows-stay/appstarter/vendor/codeigniter4/framework/system/CLI/CLI.php(192): CodeIgniter\CLI\CLI::parseCommandLine()
#1 /opt/lampp/htdocs/the-pillows-stay/appstarter/vendor/codeigniter4/framework/system/CLI/CLI.php(1168): CodeIgniter\CLI\CLI::init()
#2 /opt/lampp/htdocs/the-pillows-stay/appstarter/vendor/codeigniter4/framework/system/Autoloader/Autoloader.php(365): require_once('/opt/lampp/htdo...')
#3 /opt/lampp/htdocs/the-pillows-stay/appstarter/vendor/codeigniter4/framework/system/Autoloader/Autoloader.php(296): CodeIgniter\Autoloader\Autoloader->requireFile()
#4 /opt/lampp/htdocs/the-pillows-stay/appstarter/vendor/codeigniter4/framework/system/Autoloader/Autoloader.php(258): CodeIgniter\Autoloader\Autoloader->loadInNamespace()
#5 [internal function]: CodeIgniter\Autoloader\Autoloader->loadClass()
#6 /opt/lampp/htdocs/the-pillows-stay/appstarter/vendor/codeigniter4/framework/system/CLI/Console.php(96): spl_autoload_call()
#7 /opt/lampp/htdocs/the-pillows-stay/appstarter/spark(54): CodeIgniter\CLI\Console->showHeader()
#8 {main}
CRITICAL - 2020-11-14 20:54:31 --> Call to undefined function CodeIgniter\CLI\mb_strpos()
#0 /opt/lampp/htdocs/the-pillows-stay/appstarter/vendor/codeigniter4/framework/system/CLI/CLI.php(192): CodeIgniter\CLI\CLI::parseCommandLine()
#1 /opt/lampp/htdocs/the-pillows-stay/appstarter/vendor/codeigniter4/framework/system/CLI/CLI.php(1168): CodeIgniter\CLI\CLI::init()
#2 /opt/lampp/htdocs/the-pillows-stay/appstarter/vendor/codeigniter4/framework/system/Autoloader/Autoloader.php(365): require_once('/opt/lampp/htdo...')
#3 /opt/lampp/htdocs/the-pillows-stay/appstarter/vendor/codeigniter4/framework/system/Autoloader/Autoloader.php(296): CodeIgniter\Autoloader\Autoloader->requireFile()
#4 /opt/lampp/htdocs/the-pillows-stay/appstarter/vendor/codeigniter4/framework/system/Autoloader/Autoloader.php(258): CodeIgniter\Autoloader\Autoloader->loadInNamespace()
#5 [internal function]: CodeIgniter\Autoloader\Autoloader->loadClass()
#6 /opt/lampp/htdocs/the-pillows-stay/appstarter/vendor/codeigniter4/framework/system/CLI/Console.php(96): spl_autoload_call()
#7 /opt/lampp/htdocs/the-pillows-stay/appstarter/spark(54): CodeIgniter\CLI\Console->showHeader()
#8 {main}
CRITICAL - 2020-11-14 20:58:32 --> Call to undefined function CodeIgniter\CLI\mb_strpos()
#0 /opt/lampp/htdocs/the-pillows-stay/appstarter/vendor/codeigniter4/framework/system/CLI/CLI.php(192): CodeIgniter\CLI\CLI::parseCommandLine()
#1 /opt/lampp/htdocs/the-pillows-stay/appstarter/vendor/codeigniter4/framework/system/CLI/CLI.php(1168): CodeIgniter\CLI\CLI::init()
#2 /opt/lampp/htdocs/the-pillows-stay/appstarter/vendor/codeigniter4/framework/system/Autoloader/Autoloader.php(365): require_once('/opt/lampp/htdo...')
#3 /opt/lampp/htdocs/the-pillows-stay/appstarter/vendor/codeigniter4/framework/system/Autoloader/Autoloader.php(296): CodeIgniter\Autoloader\Autoloader->requireFile()
#4 /opt/lampp/htdocs/the-pillows-stay/appstarter/vendor/codeigniter4/framework/system/Autoloader/Autoloader.php(258): CodeIgniter\Autoloader\Autoloader->loadInNamespace()
#5 [internal function]: CodeIgniter\Autoloader\Autoloader->loadClass()
#6 /opt/lampp/htdocs/the-pillows-stay/appstarter/vendor/codeigniter4/framework/system/CLI/Console.php(96): spl_autoload_call()
#7 /opt/lampp/htdocs/the-pillows-stay/appstarter/spark(54): CodeIgniter\CLI\Console->showHeader()
#8 {main}
CRITICAL - 2020-11-14 21:15:16 --> Call to undefined function CodeIgniter\CLI\mb_strpos()
#0 /opt/lampp/htdocs/the-pillows-stay/appstarter/vendor/codeigniter4/framework/system/CLI/CLI.php(192): CodeIgniter\CLI\CLI::parseCommandLine()
#1 /opt/lampp/htdocs/the-pillows-stay/appstarter/vendor/codeigniter4/framework/system/CLI/CLI.php(1168): CodeIgniter\CLI\CLI::init()
#2 /opt/lampp/htdocs/the-pillows-stay/appstarter/vendor/codeigniter4/framework/system/Autoloader/Autoloader.php(365): require_once('/opt/lampp/htdo...')
#3 /opt/lampp/htdocs/the-pillows-stay/appstarter/vendor/codeigniter4/framework/system/Autoloader/Autoloader.php(296): CodeIgniter\Autoloader\Autoloader->requireFile()
#4 /opt/lampp/htdocs/the-pillows-stay/appstarter/vendor/codeigniter4/framework/system/Autoloader/Autoloader.php(258): CodeIgniter\Autoloader\Autoloader->loadInNamespace()
#5 [internal function]: CodeIgniter\Autoloader\Autoloader->loadClass()
#6 /opt/lampp/htdocs/the-pillows-stay/appstarter/vendor/codeigniter4/framework/system/CLI/Console.php(96): spl_autoload_call()
#7 /opt/lampp/htdocs/the-pillows-stay/appstarter/spark(54): CodeIgniter\CLI\Console->showHeader()
#8 {main}
CRITICAL - 2020-11-14 22:13:28 --> Call to undefined function CodeIgniter\CLI\mb_strpos()
#0 /opt/lampp/htdocs/the-pillows-stay/appstarter/vendor/codeigniter4/framework/system/CLI/CLI.php(192): CodeIgniter\CLI\CLI::parseCommandLine()
#1 /opt/lampp/htdocs/the-pillows-stay/appstarter/vendor/codeigniter4/framework/system/CLI/CLI.php(1168): CodeIgniter\CLI\CLI::init()
#2 /opt/lampp/htdocs/the-pillows-stay/appstarter/vendor/codeigniter4/framework/system/Autoloader/Autoloader.php(365): require_once('/opt/lampp/htdo...')
#3 /opt/lampp/htdocs/the-pillows-stay/appstarter/vendor/codeigniter4/framework/system/Autoloader/Autoloader.php(296): CodeIgniter\Autoloader\Autoloader->requireFile()
#4 /opt/lampp/htdocs/the-pillows-stay/appstarter/vendor/codeigniter4/framework/system/Autoloader/Autoloader.php(258): CodeIgniter\Autoloader\Autoloader->loadInNamespace()
#5 [internal function]: CodeIgniter\Autoloader\Autoloader->loadClass()
#6 /opt/lampp/htdocs/the-pillows-stay/appstarter/vendor/codeigniter4/framework/system/CLI/Console.php(96): spl_autoload_call()
#7 /opt/lampp/htdocs/the-pillows-stay/appstarter/spark(54): CodeIgniter\CLI\Console->showHeader()
#8 {main}
